[debug] [2020-09-23T11:03:29.562Z] ----------------------------------------------------------------------
[debug] [2020-09-23T11:03:29.563Z] Command:       C:\Program Files\nodejs\node.exe C:\Users\anush\AppData\Roaming\npm\node_modules\firebase-tools\lib\bin\firebase.js deploy
[debug] [2020-09-23T11:03:29.564Z] CLI Version:   8.11.0
[debug] [2020-09-23T11:03:29.564Z] Platform:      win32
[debug] [2020-09-23T11:03:29.564Z] Node Version:  v12.16.1
[debug] [2020-09-23T11:03:29.565Z] Time:          Wed Sep 23 2020 16:33:29 GMT+0530 (India Standard Time)
[debug] [2020-09-23T11:03:29.565Z] ----------------------------------------------------------------------
[debug] [2020-09-23T11:03:29.565Z] 
[debug] [2020-09-23T11:03:29.573Z] > command requires scopes: ["email","openid","https://www.googleapis.com/auth/cloudplatformprojects.readonly","https://www.googleapis.com/auth/firebase","https://www.googleapis.com/auth/cloud-platform"]
[debug] [2020-09-23T11:03:29.573Z] > authorizing via signed-in user
[debug] [2020-09-23T11:03:29.573Z] [iam] checking project admin-page-bipolar for permissions ["firebase.projects.get","firebasehosting.sites.update"]
[debug] [2020-09-23T11:03:29.576Z] > refreshing access token with scopes: ["email","https://www.googleapis.com/auth/cloud-platform","https://www.googleapis.com/auth/cloudplatformprojects.readonly","https://www.googleapis.com/auth/firebase","openid"]
[debug] [2020-09-23T11:03:29.576Z] >>> HTTP REQUEST POST https://www.googleapis.com/oauth2/v3/token  
 <request body omitted>
[debug] [2020-09-23T11:03:30.038Z] <<< HTTP RESPONSE 200 {"content-type":"application/json; charset=utf-8","vary":"X-Origin, Referer, Origin,Accept-Encoding","date":"Wed, 23 Sep 2020 11:03:31 GMT","server":"scaffolding on HTTPServer2","cache-control":"private","x-xss-protection":"0","x-frame-options":"SAMEORIGIN","x-content-type-options":"nosniff","alt-svc":"h3-Q050=\":443\"; ma=2592000,h3-29=\":443\"; ma=2592000,h3-27=\":443\"; ma=2592000,h3-T051=\":443\"; ma=2592000,h3-T050=\":443\"; ma=2592000,h3-Q046=\":443\"; ma=2592000,h3-Q043=\":443\"; ma=2592000,quic=\":443\"; ma=2592000; v=\"46,43\"","accept-ranges":"none","transfer-encoding":"chunked"}
[debug] [2020-09-23T11:03:30.075Z] >>> HTTP REQUEST POST https://cloudresourcemanager.googleapis.com/v1/projects/admin-page-bipolar:testIamPermissions  
 {"permissions":["firebase.projects.get","firebasehosting.sites.update"]}
[debug] [2020-09-23T11:03:31.920Z] <<< HTTP RESPONSE 200 {"content-type":"application/json; charset=UTF-8","vary":"X-Origin, Referer, Origin,Accept-Encoding","date":"Wed, 23 Sep 2020 11:03:32 GMT","server":"ESF","cache-control":"private","x-xss-protection":"0","x-frame-options":"SAMEORIGIN","x-content-type-options":"nosniff","server-timing":"gfet4t7; dur=1200","alt-svc":"h3-Q050=\":443\"; ma=2592000,h3-29=\":443\"; ma=2592000,h3-27=\":443\"; ma=2592000,h3-T051=\":443\"; ma=2592000,h3-T050=\":443\"; ma=2592000,h3-Q046=\":443\"; ma=2592000,h3-Q043=\":443\"; ma=2592000,quic=\":443\"; ma=2592000; v=\"46,43\"","accept-ranges":"none","transfer-encoding":"chunked"}
[debug] [2020-09-23T11:03:31.921Z] >>> HTTP REQUEST GET https://firebase.googleapis.com/v1beta1/projects/admin-page-bipolar  
 
[debug] [2020-09-23T11:03:32.530Z] <<< HTTP RESPONSE 200 {"content-type":"application/json; charset=UTF-8","vary":"X-Origin, Referer, Origin,Accept-Encoding","date":"Wed, 23 Sep 2020 11:03:33 GMT","server":"ESF","cache-control":"private","x-xss-protection":"0","x-frame-options":"SAMEORIGIN","x-content-type-options":"nosniff","alt-svc":"h3-Q050=\":443\"; ma=2592000,h3-29=\":443\"; ma=2592000,h3-27=\":443\"; ma=2592000,h3-T051=\":443\"; ma=2592000,h3-T050=\":443\"; ma=2592000,h3-Q046=\":443\"; ma=2592000,h3-Q043=\":443\"; ma=2592000,quic=\":443\"; ma=2592000; v=\"46,43\"","accept-ranges":"none","transfer-encoding":"chunked"}
[info] 
[info] === Deploying to 'admin-page-bipolar'...
[info] 
[info] i  deploying hosting 
[debug] [2020-09-23T11:03:32.542Z] >>> HTTP REQUEST POST https://firebasehosting.googleapis.com/v1beta1/sites/admin-page-bipolar/versions  
 {"config":{"rewrites":[{"glob":"**","path":"/index.html"}]},"labels":{"deployment-tool":"cli-firebase"}}
[debug] [2020-09-23T11:03:53.972Z] Error: connect ETIMEDOUT 216.58.200.138:443
    at TCPConnectWrap.afterConnect [as oncomplete] (net.js:1137:16)
[error] 
[error] Error: Server Error. connect ETIMEDOUT 216.58.200.138:443
